> Task :compileJava
Note: Some input files use or override a deprecated API.
Note: Recompile with -Xlint:deprecation for details.

> Task :minecraft:spotbugsMain
H B Nm: The class name net.fabricmc.loader.launch.FabricClientTweaker shadows the simple name of the superclass net.fabricmc.loader.impl.game.minecraft.launchwrapper.FabricClientTweaker  At FabricClientTweaker.java:[line 23]
H B Nm: The class name net.fabricmc.loader.launch.FabricServerTweaker shadows the simple name of the superclass net.fabricmc.loader.impl.game.minecraft.launchwrapper.FabricServerTweaker  At FabricServerTweaker.java:[line 23]
M B Dm: net.fabricmc.loader.impl.game.minecraft.applet.AppletForcedShutdownListener.run() invokes System.exit(...), which shuts down the entire virtual machine  At AppletForcedShutdownListener.java:[line 43]
M V DP: net.fabricmc.loader.impl.game.minecraft.BundlerProcessor.process(LibClassifier) creates a net.fabricmc.loader.impl.game.minecraft.BundlerProcessor$1 classloader, which should be performed within a doPrivileged block  At BundlerProcessor.java:[line 44]
M D ST: Write to static field net.fabricmc.loader.impl.game.minecraft.Hooks.appletMainClass from instance method net.fabricmc.loader.impl.game.minecraft.patch.EntrypointPatch.process(FabricLauncher, Function, Consumer)  At EntrypointPatch.java:[line 526]
M V EI2: new net.fabricmc.loader.impl.game.minecraft.patch.EntrypointPatch(MinecraftGameProvider) may expose internal representation by storing an externally mutable object into EntrypointPatch.gameProvider  At EntrypointPatch.java:[line 56]
H D ST: Write to static field net.fabricmc.loader.impl.game.minecraft.applet.AppletLauncher.gameDir from instance method new net.fabricmc.loader.impl.game.minecraft.applet.AppletLauncher(File, String, String, String, String, boolean, boolean, boolean)  At AppletLauncher.java:[line 50]
M V EI2: net.fabricmc.loader.impl.game.minecraft.applet.AppletLauncher.replace(Applet) may expose internal representation by storing an externally mutable object into AppletLauncher.mcApplet  At AppletLauncher.java:[line 89]
M V EI: net.fabricmc.loader.impl.game.minecraft.applet.AppletLauncher.getParams() may expose internal representation by returning AppletLauncher.params  At AppletLauncher.java:[line 84]
M B CT: Exception thrown in class net.fabricmc.loader.impl.game.minecraft.applet.AppletLauncher at new net.fabricmc.loader.impl.game.minecraft.applet.AppletLauncher(File, String, String, String, String, boolean, boolean, boolean) will leave the constructor. The object under construction remains partially initialized and may be vulnerable to Finalizer attacks.  At AppletLauncher.java:[line 74]
M V EI: net.fabricmc.loader.impl.game.minecraft.launchwrapper.FabricTweaker.getClassPath() may expose internal representation by returning FabricTweaker.classPath  At FabricTweaker.java:[line 197]
M V EI: net.fabricmc.loader.impl.game.minecraft.launchwrapper.FabricTweaker.getTargetClassLoader() may expose internal representation by returning FabricTweaker.launchClassLoader  At FabricTweaker.java:[line 217]
M V EI2: net.fabricmc.loader.impl.game.minecraft.launchwrapper.FabricTweaker.injectIntoClassLoader(LaunchClassLoader) may expose internal representation by storing an externally mutable object into FabricTweaker.launchClassLoader  At FabricTweaker.java:[line 105]
M D NP: Possible null pointer dereference in net.fabricmc.loader.impl.game.minecraft.McVersionLookup.fillVersionFromJar(SimpleClassPath, McVersion$Builder) due to return value of called method  Dereferenced at McVersionLookup.java:[line 166]
M B OS: net.fabricmc.loader.impl.game.minecraft.McVersionLookup.getVersion(List, String, String) may fail to close stream  At McVersionLookup.java:[line 83]
M V EI: net.fabricmc.loader.impl.game.minecraft.MinecraftGameProvider.getEntrypointTransformer() may expose internal representation by returning MinecraftGameProvider.transformer  At MinecraftGameProvider.java:[line 414]
M V EI: net.fabricmc.loader.impl.game.minecraft.MinecraftGameProvider.getArguments() may expose internal representation by returning MinecraftGameProvider.arguments  At MinecraftGameProvider.java:[line 383]
M V EI: net.fabricmc.loader.impl.game.minecraft.patch.ModClassLoader_125_FML.getURLs() may expose internal representation by returning ModClassLoader_125_FML.localUrls  At ModClassLoader_125_FML.java:[line 56]
M V MS: net.fabricmc.loader.impl.game.minecraft.Hooks.appletMainClass isn't final and cannot be protected from malicious code  In Hooks.java
M V MS: net.fabricmc.loader.impl.game.minecraft.applet.AppletLauncher.gameDir should be package protected  In AppletLauncher.java
SpotBugs ended with exit code 1

> Task :spotbugsMain
M P WMI: net.fabricmc.loader.impl.util.Arguments.toArray() makes inefficient use of keySet iterator instead of entrySet iterator  At Arguments.java:[line 100]
H B HE: net.fabricmc.loader.impl.util.version.StringVersion defines equals and uses Object.hashCode()  At StringVersion.java:[lines 35-38]
M D RCN: Redundant nullcheck of ret, which is known to be non-null in net.fabricmc.loader.impl.util.log.LogLevel.getDefault()  Redundant null check at LogLevel.java:[line 35]
M V EI2: new net.fabricmc.loader.impl.util.SimpleClassPath(List) may expose internal representation by storing an externally mutable object into SimpleClassPath.paths  At SimpleClassPath.java:[line 31]
M V EI: net.fabricmc.loader.impl.util.SimpleClassPath.getPaths() may expose internal representation by returning SimpleClassPath.paths  At SimpleClassPath.java:[line 66]
M B Nm: The class name net.fabricmc.loader.impl.metadata.EntrypointMetadata shadows the simple name of implemented interface net.fabricmc.loader.metadata.EntrypointMetadata  In EntrypointMetadata.java
M V MS: Public static net.fabricmc.loader.impl.FabricLoaderImpl$InitHelper.get() may expose internal representation by returning FabricLoaderImpl$InitHelper.instance  At FabricLoaderImpl.java:[line 573]
M V EI: net.fabricmc.loader.impl.metadata.BuiltinModMetadata.getLicense() may expose internal representation by returning BuiltinModMetadata.license  At BuiltinModMetadata.java:[line 124]
M V EI: net.fabricmc.loader.impl.metadata.BuiltinModMetadata.getContributors() may expose internal representation by returning BuiltinModMetadata.contributors  At BuiltinModMetadata.java:[line 114]
M V EI: net.fabricmc.loader.impl.metadata.BuiltinModMetadata.getAuthors() may expose internal representation by returning BuiltinModMetadata.authors  At BuiltinModMetadata.java:[line 109]
M V EI: net.fabricmc.loader.impl.metadata.BuiltinModMetadata.getDependencies() may expose internal representation by returning BuiltinModMetadata.dependencies  At BuiltinModMetadata.java:[line 140]
M V EI2: new net.fabricmc.loader.impl.transformer.ClassStripper(int, ClassVisitor, Collection, Collection, Collection) may expose internal representation by storing an externally mutable object into ClassStripper.stripMethods  At ClassStripper.java:[line 39]
M V EI2: new net.fabricmc.loader.impl.transformer.ClassStripper(int, ClassVisitor, Collection, Collection, Collection) may expose internal representation by storing an externally mutable object into ClassStripper.stripInterfaces  At ClassStripper.java:[line 37]
M V EI2: new net.fabricmc.loader.impl.transformer.ClassStripper(int, ClassVisitor, Collection, Collection, Collection) may expose internal representation by storing an externally mutable object into ClassStripper.stripFields  At ClassStripper.java:[line 38]
H C SA: Self assignment of field JsonReader.pos in net.fabricmc.loader.impl.lib.gson.JsonReader.nextNonWhitespace(boolean)  At JsonReader.java:[line 1333]
M D SF: Switch statement found in net.fabricmc.loader.impl.lib.gson.JsonReader.doPeek() where one case falls through to the next case  At JsonReader.java:[lines 472-474]
M D SF: Switch statement found in net.fabricmc.loader.impl.lib.gson.JsonReader.isLiteral(char) where one case falls through to the next case  At JsonReader.java:[lines 751-763]
M D SF: Switch statement found in net.fabricmc.loader.impl.lib.gson.JsonReader.nextUnquotedValue() where one case falls through to the next case  At JsonReader.java:[lines 1053-1065]
M D SF: Switch statement found in net.fabricmc.loader.impl.lib.gson.JsonReader.skipUnquotedValue() where one case falls through to the next case  At JsonReader.java:[lines 1132-1144]
M D SF: Switch statement found in net.fabricmc.loader.impl.lib.gson.JsonReader.readEscapeCharacter() where one case falls through to the next case  At JsonReader.java:[lines 1551-1558]
M B CT: Exception thrown in class net.fabricmc.loader.impl.lib.gson.JsonReader at new net.fabricmc.loader.impl.lib.gson.JsonReader(Reader) will leave the constructor. The object under construction remains partially initialized and may be vulnerable to Finalizer attacks.  At JsonReader.java:[line 291]
M V EI2: net.fabricmc.loader.impl.gui.FabricStatusTree$FabricStatusNode.moveTo(FabricStatusTree$FabricStatusNode) may expose internal representation by storing an externally mutable object into FabricStatusTree$FabricStatusNode.parent  At FabricStatusTree.java:[line 274]
M V EI2: new net.fabricmc.loader.impl.gui.FabricStatusTree$FabricStatusNode(FabricStatusTree$FabricStatusNode, DataInputStream) may expose internal representation by storing an externally mutable object into FabricStatusTree$FabricStatusNode.parent  At FabricStatusTree.java:[line 245]
M B Eq: net.fabricmc.loader.impl.discovery.Explanation defines compareTo(Explanation) and uses Object.equals()  At Explanation.java:[line 56]
M B Nm: The class name net.fabricmc.loader.impl.metadata.LoaderModMetadata shadows the simple name of implemented interface net.fabricmc.loader.metadata.LoaderModMetadata  At LoaderModMetadata.java:[line 35]
M V EI2: new net.fabricmc.loader.impl.metadata.ModOriginImpl(List) may expose internal representation by storing an externally mutable object into ModOriginImpl.paths  At ModOriginImpl.java:[line 38]
M V EI: net.fabricmc.loader.impl.metadata.ModOriginImpl.getPaths() may expose internal representation by returning ModOriginImpl.paths  At ModOriginImpl.java:[line 56]
H B Nm: The class name net.fabricmc.loader.api.VersionParsingException shadows the simple name of the superclass net.fabricmc.loader.util.version.VersionParsingException  At VersionParsingException.java:[lines 22-35]
M B DE: net.fabricmc.loader.impl.gui.FabricMainWindow.setTaskBarImage(Image) might ignore java.lang.Exception  At FabricMainWindow.java:[line 246]
M D REC: Exception is caught when Exception is not thrown in net.fabricmc.loader.impl.gui.FabricMainWindow.setTaskBarImage(Image)  At FabricMainWindow.java:[line 246]
M V EI2: new net.fabricmc.loader.impl.util.version.SemanticVersionImpl(int[], String, String) may expose internal representation by storing an externally mutable object into SemanticVersionImpl.components  At SemanticVersionImpl.java:[line 134]
H B Nm: The class name net.fabricmc.loader.impl.util.version.SemanticVersionImpl shadows the simple name of the superclass net.fabricmc.loader.util.version.SemanticVersionImpl  At SemanticVersionImpl.java:[lines 38-312]
M B CT: Exception thrown in class net.fabricmc.loader.impl.util.version.SemanticVersionImpl at new net.fabricmc.loader.impl.util.version.SemanticVersionImpl(String, boolean) will leave the constructor. The object under construction remains partially initialized and may be vulnerable to Finalizer attacks.  At SemanticVersionImpl.java:[line 52]
M B CT: Exception thrown in class net.fabricmc.loader.impl.util.version.SemanticVersionImpl at new net.fabricmc.loader.impl.util.version.SemanticVersionImpl(int[], String, String) will leave the constructor. The object under construction remains partially initialized and may be vulnerable to Finalizer attacks.  At SemanticVersionImpl.java:[line 132]
M D NP: Possible null pointer dereference in net.fabricmc.loader.impl.discovery.DirectoryModCandidateFinder.isValidFile(Path) due to return value of called method  Dereferenced at DirectoryModCandidateFinder.java:[line 89]
M V EI: net.fabricmc.loader.impl.transformer.EnvironmentStrippingData.getStripFields() may expose internal representation by returning EnvironmentStrippingData.stripFields  At EnvironmentStrippingData.java:[line 163]
M V EI: net.fabricmc.loader.impl.transformer.EnvironmentStrippingData.getStripMethods() may expose internal representation by returning EnvironmentStrippingData.stripMethods  At EnvironmentStrippingData.java:[line 167]
M V EI: net.fabricmc.loader.impl.transformer.EnvironmentStrippingData.getStripInterfaces() may expose internal representation by returning EnvironmentStrippingData.stripInterfaces  At EnvironmentStrippingData.java:[line 159]
M B CT: Exception thrown in class net.fabricmc.loader.impl.metadata.BuiltinModMetadata$Builder at new net.fabricmc.loader.impl.metadata.BuiltinModMetadata$Builder(String, String) will leave the constructor. The object under construction remains partially initialized and may be vulnerable to Finalizer attacks.  At BuiltinModMetadata.java:[line 177]
M V EI: net.fabricmc.loader.impl.metadata.ModDependencyImpl.getVersionRequirements() may expose internal representation by returning ModDependencyImpl.ranges  At ModDependencyImpl.java:[line 103]
M V EI2: new net.fabricmc.loader.impl.metadata.ModDependencyImpl(ModDependency$Kind, String, List) may expose internal representation by storing an externally mutable object into ModDependencyImpl.matcherStringList  At ModDependencyImpl.java:[line 38]
M V EI: net.fabricmc.loader.impl.discovery.ModCandidate.getPaths() may expose internal representation by returning ModCandidate.paths  At ModCandidate.java:[line 114]
M V EI: net.fabricmc.loader.impl.discovery.ModCandidate.getMetadata() may expose internal representation by returning ModCandidate.metadata  At ModCandidate.java:[line 135]
M V EI: net.fabricmc.loader.impl.discovery.ModCandidate.getParentMods() may expose internal representation by returning ModCandidate.parentMods  At ModCandidate.java:[line 173]
M V EI: net.fabricmc.loader.impl.discovery.ModCandidate.getOriginPaths() may expose internal representation by returning ModCandidate.originPaths  At ModCandidate.java:[line 104]
M V EI2: net.fabricmc.loader.impl.discovery.ModCandidate.setPaths(List) may expose internal representation by storing an externally mutable object into ModCandidate.paths  At ModCandidate.java:[line 120]
M V EI: net.fabricmc.loader.impl.discovery.ModCandidate.getNestedMods() may expose internal representation by returning ModCandidate.nestedMods  At ModCandidate.java:[line 169]
M D ST: Write to static field net.fabricmc.loader.impl.ModContainerImpl.warnedMultiPath from instance method net.fabricmc.loader.impl.ModContainerImpl.getRootPath()  At ModContainerImpl.java:[line 86]
M V EI: net.fabricmc.loader.impl.ModContainerImpl.getCodeSourcePaths() may expose internal representation by returning ModContainerImpl.codeSourcePaths  At ModContainerImpl.java:[line 78]
M V EI: net.fabricmc.loader.impl.ModContainerImpl.getInfo() may expose internal representation by returning ModContainerImpl.info  At ModContainerImpl.java:[line 207]
M V EI: net.fabricmc.loader.impl.ModContainerImpl.getMetadata() may expose internal representation by returning ModContainerImpl.info  At ModContainerImpl.java:[line 68]
M B FS: Format string should use %n rather than \n in net.fabricmc.loader.impl.discovery.ResultAnalyzer.addErrorToList(ModCandidate, ModDependency, List, boolean, boolean, String, PrintWriter)  At ResultAnalyzer.java:[line 302]
M B FS: Format string should use %n rather than \n in net.fabricmc.loader.impl.discovery.ResultAnalyzer.addErrorToList(ModCandidate, ModDependency, List, boolean, boolean, String, PrintWriter)  At ResultAnalyzer.java:[line 306]
M B FS: Format string should use %n rather than \n in net.fabricmc.loader.impl.discovery.ResultAnalyzer.appendJijInfo(ModCandidate, String, boolean, PrintWriter)  At ResultAnalyzer.java:[line 382]
M V MS: Public static net.fabricmc.loader.impl.launch.FabricLauncherBase.getProperties() may expose internal representation by returning FabricLauncherBase.properties  At FabricLauncherBase.java:[line 74]
M V MS: Public static net.fabricmc.loader.impl.launch.FabricLauncherBase.getLauncher() may expose internal representation by returning FabricLauncherBase.launcher  At FabricLauncherBase.java:[line 70]
H I Dm: Found reliance on default encoding in net.fabricmc.loader.impl.launch.MappingConfiguration.initialize(): new java.io.InputStreamReader(InputStream)  At MappingConfiguration.java:[line 94]
M V EI: net.fabricmc.loader.impl.FabricLoaderImpl.getAccessWidener() may expose internal representation by returning FabricLoaderImpl.accessWidener  At FabricLoaderImpl.java:[line 541]
M V EI: net.fabricmc.loader.impl.FabricLoaderImpl.getObjectShare() may expose internal representation by returning FabricLoaderImpl.objectShare  At FabricLoaderImpl.java:[line 381]
M V EI: net.fabricmc.loader.impl.FabricLoaderImpl.getModsInternal() may expose internal representation by returning FabricLoaderImpl.mods  At FabricLoaderImpl.java:[line 405]
M D RV: Return value of FabricStatusTree$FabricStatusNode.addMessage(String, FabricStatusTree$FabricTreeWarningLevel) ignored, is this OK in net.fabricmc.loader.impl.gui.FabricGuiEntry.displayError(String, Throwable, Consumer, boolean)  At FabricGuiEntry.java:[line 132]
H D ST: Write to static field net.fabricmc.loader.impl.launch.knot.MixinServiceKnot.transformer from instance method net.fabricmc.loader.impl.launch.knot.MixinServiceKnot.offer(IMixinInternal)  At MixinServiceKnot.java:[line 125]
M B FS: Format string should use %n rather than \n in net.fabricmc.loader.impl.metadata.MetadataVerifier.checkModId(String, String)  At MetadataVerifier.java:[line 141]
M V DP: new net.fabricmc.loader.impl.launch.knot.KnotClassLoader(boolean, EnvType, GameProvider) creates a net.fabricmc.loader.impl.launch.knot.KnotClassLoader$DynamicURLClassLoader classloader, which should be performed within a doPrivileged block  At KnotClassLoader.java:[line 54]
M V DP: net.fabricmc.loader.impl.launch.knot.KnotClassLoaderInterface.create(boolean, boolean, EnvType, GameProvider) creates a net.fabricmc.loader.impl.launch.knot.KnotCompatibilityClassLoader classloader, which should be performed within a doPrivileged block  At KnotClassLoaderInterface.java:[line 31]
M V DP: net.fabricmc.loader.impl.launch.knot.KnotClassLoaderInterface.create(boolean, boolean, EnvType, GameProvider) creates a net.fabricmc.loader.impl.launch.knot.KnotClassLoader classloader, which should be performed within a doPrivileged block  At KnotClassLoaderInterface.java:[line 33]
M D NP: Possible null pointer dereference in net.fabricmc.loader.impl.launch.knot.Knot.findEmbedddedGameProvider() due to return value of called method  Dereferenced at Knot.java:[line 225]
M V EI: net.fabricmc.loader.impl.launch.knot.Knot.getClassPath() may expose internal representation by returning Knot.classPath  At Knot.java:[line 267]
M B FS: Format string should use %n rather than \n in net.fabricmc.loader.impl.metadata.ModMetadataParser.readModMetadata(JsonReader, int)  At ModMetadataParser.java:[line 146]
M B FS: Format string should use %n rather than \n in net.fabricmc.loader.impl.metadata.ModMetadataParser.logWarningMessages(String, List)  At ModMetadataParser.java:[line 162]
M D NP: Possible null pointer dereference in net.fabricmc.loader.impl.discovery.ArgumentModCandidateFinder.isHidden(Path) due to return value of called method  Dereferenced at ArgumentModCandidateFinder.java:[line 142]
H I Dm: Found reliance on default encoding in net.fabricmc.loader.impl.launch.FabricLauncherBase$1.uncaughtException(Thread, Throwable): new java.io.PrintWriter(OutputStream)  At FabricLauncherBase.java:[line 117]
M B Nm: The class name net.fabricmc.loader.ModContainer shadows the simple name of implemented interface net.fabricmc.loader.api.ModContainer  At ModContainer.java:[lines 31-39]
M V EI: net.fabricmc.loader.impl.game.LibClassifier.getUnmatchedOrigins() may expose internal representation by returning LibClassifier.unmatchedOrigins  At LibClassifier.java:[line 264]
M V EI: net.fabricmc.loader.impl.game.LibClassifier.getSystemLibraries() may expose internal representation by returning LibClassifier.systemLibraries  At LibClassifier.java:[line 271]
M D REC: Exception is caught when Exception is not thrown in net.fabricmc.loader.impl.game.GameProviderHelper.deobfuscate0(List, List, List, TinyTree, String, FabricLauncher)  At GameProviderHelper.java:[line 328]
M D NP: Possible null pointer dereference in net.fabricmc.loader.impl.util.log.BuiltinLogHandler$ShutdownHook.run() due to return value of called method  Method invoked at BuiltinLogHandler.java:[line 174]
M B Nm: The class name net.fabricmc.loader.FabricLoader shadows the simple name of implemented interface net.fabricmc.loader.api.FabricLoader  At FabricLoader.java:[lines 31-53]
M B CT: Exception thrown in class net.fabricmc.loader.util.version.SemanticVersionImpl at new net.fabricmc.loader.util.version.SemanticVersionImpl(String, boolean) will leave the constructor. The object under construction remains partially initialized and may be vulnerable to Finalizer attacks.  At SemanticVersionImpl.java:[line 37]
M P SS: Unread field: net.fabricmc.loader.impl.metadata.V0ModMetadata.languageAdapter; should this field be static?  At V0ModMetadata.java:[line 42]
M D UuF: Unused public or protected field: net.fabricmc.loader.impl.util.log.LogCategory.data  In LogCategory.java
M C Nm: net.fabricmc.loader.impl.util.version.SemanticVersionImpl.equalsComponentsExactly(SemanticVersionImpl) doesn't override method in superclass because parameter type net.fabricmc.loader.impl.util.version.SemanticVersionImpl doesn't match superclass parameter type net.fabricmc.loader.util.version.SemanticVersionImpl  At SemanticVersionImpl.java:[lines 243-249]
SpotBugs ended with exit code 1